2023.11.29 01:38:07 INFO  Started: Metals version 1.0.1 in folders '/Users/kevinwang/Developer/advent_of_code/2022/day3' for client Sublime Text LSP 1.26.0.
Nov. 29, 2023 1:38:07 A.M. org.flywaydb.core.internal.license.VersionPrinter printVersionOnly
INFO: Flyway Community Edition 9.21.2 by Redgate
Nov. 29, 2023 1:38:07 A.M. org.flywaydb.core.internal.license.VersionPrinter printVersion
INFO: See release notes here: https://rd.gt/416ObMi
Nov. 29, 2023 1:38:07 A.M. org.flywaydb.core.internal.license.VersionPrinter printVersion
INFO: 
Nov. 29, 2023 1:38:07 A.M. org.flywaydb.core.FlywayExecutor execute
INFO: Database: jdbc:h2:file:/Users/kevinwang/Developer/advent_of_code/2022/day3/.metals/metals (H2 2.1)
Nov. 29, 2023 1:38:07 A.M. org.flywaydb.core.internal.schemahistory.JdbcTableSchemaHistory allAppliedMigrations
INFO: Schema history table "PUBLIC"."flyway_schema_history" does not exist yet
Nov. 29, 2023 1:38:07 A.M. org.flywaydb.core.internal.command.DbValidate validate
INFO: Successfully validated 4 migrations (execution time 00:00.008s)
Nov. 29, 2023 1:38:07 A.M. org.flywaydb.core.internal.schemahistory.JdbcTableSchemaHistory create
INFO: Creating Schema History table "PUBLIC"."flyway_schema_history" ...
Nov. 29, 2023 1:38:07 A.M. org.flywaydb.core.internal.command.DbMigrate migrateGroup
INFO: Current version of schema "PUBLIC": << Empty Schema >>
Nov. 29, 2023 1:38:07 A.M. org.flywaydb.core.internal.command.DbMigrate doMigrateGroup
INFO: Migrating schema "PUBLIC" to version "1 - Create tables"
Nov. 29, 2023 1:38:07 A.M. org.flywaydb.core.internal.command.DbMigrate doMigrateGroup
INFO: Migrating schema "PUBLIC" to version "2 - Server discovery"
Nov. 29, 2023 1:38:07 A.M. org.flywaydb.core.internal.command.DbMigrate doMigrateGroup
INFO: Migrating schema "PUBLIC" to version "3 - Jar symbols"
Nov. 29, 2023 1:38:07 A.M. org.flywaydb.core.internal.command.DbMigrate doMigrateGroup
INFO: Migrating schema "PUBLIC" to version "4 - Fingerprints"
Nov. 29, 2023 1:38:07 A.M. org.flywaydb.core.internal.command.DbMigrate logSummary
INFO: Successfully applied 4 migrations to schema "PUBLIC", now at version v4 (execution time 00:00.013s)
2023.11.29 01:38:08 INFO  time: initialize in 0.38s
2023.11.29 01:38:08 WARN  Build server is not auto-connectable.
2023.11.29 01:38:08 WARN  no build target for: /Users/kevinwang/Developer/advent_of_code/2022/day3/src/main/scala/Main.scala
2023.11.29 01:38:10 INFO  no build target found for /Users/kevinwang/Developer/advent_of_code/2022/day3/src/main/scala/Main.scala. Using presentation compiler with project's scala-library version: 3.3.0
2023.11.29 01:38:12 INFO  time: code lens generation in 4s
2023.11.29 01:38:32 WARN  no build target for: /Users/kevinwang/Developer/advent_of_code/2022/day3/src/main/scala/Main.scala
2023.11.29 01:38:41 WARN  no build target for: /Users/kevinwang/Developer/advent_of_code/2022/day3/src/main/scala/Main.scala
Nov. 29, 2023 1:38:50 A.M. org.eclipse.lsp4j.jsonrpc.RemoteEndpoint handleCancellation
WARNING: Unmatched cancel notification for request id 84
2023.11.29 01:38:51 WARN  no build target for: /Users/kevinwang/Developer/advent_of_code/2022/day3/src/main/scala/Main.scala
2023.11.29 01:39:28 WARN  no build target for: /Users/kevinwang/Developer/advent_of_code/2022/day3/src/main/scala/Main.scala
2023.11.29 01:39:44 WARN  no build target for: /Users/kevinwang/Developer/advent_of_code/2022/day3/src/main/scala/Main.scala
2023.11.29 01:40:03 INFO  Shutting down server
2023.11.29 01:40:03 INFO  shutting down Metals
